<?xml version="1.0" encoding="UTF-8"?>
<testng-results ignored="0" total="1" passed="1" failed="0" skipped="0">
  <reporter-output>
  </reporter-output>
  <suite started-at="2025-01-16T16:33:04 IST" name="Default suite" finished-at="2025-01-16T16:33:10 IST" duration-ms="6174">
    <groups>
    </groups>
    <test started-at="2025-01-16T16:33:04 IST" name="Default test" finished-at="2025-01-16T16:33:10 IST" duration-ms="6174">
      <class name="com.colab.apitests.Login">
        <test-method signature="styles()[pri:0, instance:com.colab.apitests.Login@515aebb0]" started-at="2025-01-16T16:33:04 IST" name="styles" finished-at="2025-01-16T16:33:10 IST" duration-ms="6107" status="PASS">
          <reporter-output>
          </reporter-output>
        </test-method> <!-- styles -->
      </class> <!-- com.colab.apitests.Login -->
    </test> <!-- Default test -->
  </suite> <!-- Default suite -->
</testng-results>
